2019-02-14 00:30;test;wgrano plik GFE1.png
2019-02-14 00:47;test;wgrano plik 14060317_10210573089952756_481600215_o.jpg
2019-02-14 00:47;test;wgrano plik sig-Mical.png
2019-02-14 00:05;test;wgrano plik new 36.txt
2019-02-14 00:52;test;wgrano plik big_mouth.png
2019-02-14 00:52;test;wgrano plik GFE1.png
2019-02-14 00:32;test;wgrano plik GFE1.png
2019-02-14 00:32;test;wgrano plik sig-Mical.png
2019-02-14 00:17;test;zmieniono nazwe pliku z 14060317_10210573089952756_481600215_o.jpg na test.jpg
2019-02-14 00:22;test;zmieniono nazwe pliku z 14060317_10210573089952756_481600215_o.jpg na test.jpg
2019-03-18 20:52;test;z katalogu default usunieto plik test.jpg
2019-03-18 20:34;test;do katalogu default wgrano plik nieoptymalnie.png
2019-03-18 20:07;test;do katalogu default wgrano plik Pexels Videos 1616168.mp4
2019-03-18 20:07;test;do katalogu default wgrano plik Pexels Videos-1291114.mp4
2019-03-18 20:50;test;z katalogu default usunieto plik MATURA2015Wybranewzorymatematyczne.pdf
2019-03-18 21:57;test;z katalogu default usunieto plik PexelsVideos1291114.mp4
2019-03-22 19:41;test;do katalogu default wgrano plik 166888_1545473966079_1511918161_31186255_2634215_n.jpg
2019-03-22 19:41;test;do katalogu default wgrano plik 184608_168131946571710_100001247164296_391085_335332_n.jpg
2019-03-22 20:33;test;do katalogu default wgrano plik dc_engine_1200_do_-1200.PNG
2019-03-22 20:02;test;do katalogu default wgrano plik 5WgqrAp.png
2019-03-22 20:02;test;do katalogu default wgrano plik bgh3XjL.jpg
2019-03-22 20:02;test;do katalogu default wgrano plik cipowanie.jpg
2019-03-22 20:02;test;do katalogu default wgrano plik lol.jpg
